TpTrace Verbose: 0 : 5356, 1, 2024/07/03, 12:23:15.011, 1522922526507, vstest.console.dll, Version: 17.9.0-release-24072-02 Current process architecture: X64
TpTrace Verbose: 0 : 5356, 1, 2024/07/03, 12:23:15.045, 1522922868364, vstest.console.dll, Runtime location: C:\Program Files\dotnet\shared\Microsoft.NETCore.App\8.0.6
TpTrace Information: 0 : 5356, 1, 2024/07/03, 12:23:15.047, 1522922886670, vstest.console.dll, Using .Net Framework version:.NETCoreApp,Version=v8.0
TpTrace Verbose: 0 : 5356, 1, 2024/07/03, 12:23:15.047, 1522922888578, vstest.console.dll, ArtifactProcessingPostProcessModeProcessorExecutor.Initialize: ArtifactProcessingMode.Collect
TpTrace Verbose: 0 : 5356, 1, 2024/07/03, 12:23:15.047, 1522922889523, vstest.console.dll, TestSessionCorrelationIdProcessorModeProcessorExecutor.Initialize: TestSessionCorrelationId '10016_f372820a-27a4-4f7c-b9bc-101073f21e8b'
TpTrace Information: 0 : 5356, 1, 2024/07/03, 12:23:15.052, 1522922931146, vstest.console.dll, FilePatternParser: The given file D:\trainingDemo\employee Macro Project\AuthenticationMarco\AuthenticationMarco\bin\Debug\net8.0\AuthenticationMarco.dll is a full path.
TpTrace Verbose: 0 : 5356, 1, 2024/07/03, 12:23:15.056, 1522922980630, vstest.console.dll, TestPluginCache.DiscoverTestExtensions: finding test extensions in assemblies ends with: RuntimeProvider.dll TPluginInfo: Microsoft.VisualStudio.TestPlatform.Common.ExtensionFramework.Utilities.TestRuntimePluginInformation TExtension: Microsoft.VisualStudio.TestPlatform.ObjectModel.Host.ITestRuntimeProvider
TpTrace Verbose: 0 : 5356, 1, 2024/07/03, 12:23:15.057, 1522922984013, vstest.console.dll, TestPluginCache.GetExtensionPaths: Filtered extension paths: 
TpTrace Verbose: 0 : 5356, 1, 2024/07/03, 12:23:15.057, 1522922984941, vstest.console.dll, TestPluginCache.GetExtensionPaths: Added default extension paths: C:\Program Files\dotnet\sdk\8.0.202\Extensions\Microsoft.Diagnostics.NETCore.Client.dll
C:\Program Files\dotnet\sdk\8.0.202\Extensions\Microsoft.TestPlatform.Extensions.BlameDataCollector.dll
C:\Program Files\dotnet\sdk\8.0.202\Extensions\Microsoft.TestPlatform.Extensions.EventLogCollector.dll
C:\Program Files\dotnet\sdk\8.0.202\Extensions\Microsoft.TestPlatform.TestHostRuntimeProvider.dll
C:\Program Files\dotnet\sdk\8.0.202\Extensions\Microsoft.VisualStudio.TestPlatform.Extensions.Html.TestLogger.dll
C:\Program Files\dotnet\sdk\8.0.202\Extensions\Microsoft.VisualStudio.TestPlatform.Extensions.Trx.TestLogger.dll
TpTrace Verbose: 0 : 5356, 1, 2024/07/03, 12:23:15.057, 1522922985353, vstest.console.dll, TestPluginCache.GetExtensionPaths: Added unfilterableExtensionPaths: 
TpTrace Information: 0 : 5356, 1, 2024/07/03, 12:23:15.057, 1522922990238, vstest.console.dll, AssemblyResolver.ctor: Creating AssemblyResolver with searchDirectories C:\Program Files\dotnet\sdk\8.0.202\Extensions,C:\Program Files\dotnet\sdk\8.0.202
TpTrace Verbose: 0 : 5356, 1, 2024/07/03, 12:23:15.059, 1522923003410, vstest.console.dll, TestPluginCache.DiscoverTestExtensions: Discovering the extensions using extension path.
TpTrace Verbose: 0 : 5356, 1, 2024/07/03, 12:23:15.059, 1522923004980, vstest.console.dll, TestPluginCache.GetExtensionPaths: Filtered extension paths: 
TpTrace Verbose: 0 : 5356, 1, 2024/07/03, 12:23:15.059, 1522923005499, vstest.console.dll, TestPluginCache.GetExtensionPaths: Added default extension paths: C:\Program Files\dotnet\sdk\8.0.202\Extensions\Microsoft.Diagnostics.NETCore.Client.dll
C:\Program Files\dotnet\sdk\8.0.202\Extensions\Microsoft.TestPlatform.Extensions.BlameDataCollector.dll
C:\Program Files\dotnet\sdk\8.0.202\Extensions\Microsoft.TestPlatform.Extensions.EventLogCollector.dll
C:\Program Files\dotnet\sdk\8.0.202\Extensions\Microsoft.TestPlatform.TestHostRuntimeProvider.dll
C:\Program Files\dotnet\sdk\8.0.202\Extensions\Microsoft.VisualStudio.TestPlatform.Extensions.Html.TestLogger.dll
C:\Program Files\dotnet\sdk\8.0.202\Extensions\Microsoft.VisualStudio.TestPlatform.Extensions.Trx.TestLogger.dll
TpTrace Verbose: 0 : 5356, 1, 2024/07/03, 12:23:15.059, 1522923005856, vstest.console.dll, TestPluginCache.GetExtensionPaths: Added unfilterableExtensionPaths: 
TpTrace Verbose: 0 : 5356, 1, 2024/07/03, 12:23:15.059, 1522923006931, vstest.console.dll, TestPluginCache.DiscoverTestExtensions: Discovering the extensions using allExtensionPaths: C:\Program Files\dotnet\sdk\8.0.202\Extensions\Microsoft.Diagnostics.NETCore.Client.dll
C:\Program Files\dotnet\sdk\8.0.202\Extensions\Microsoft.TestPlatform.Extensions.BlameDataCollector.dll
C:\Program Files\dotnet\sdk\8.0.202\Extensions\Microsoft.TestPlatform.Extensions.EventLogCollector.dll
C:\Program Files\dotnet\sdk\8.0.202\Extensions\Microsoft.TestPlatform.TestHostRuntimeProvider.dll
C:\Program Files\dotnet\sdk\8.0.202\Extensions\Microsoft.VisualStudio.TestPlatform.Extensions.Html.TestLogger.dll
C:\Program Files\dotnet\sdk\8.0.202\Extensions\Microsoft.VisualStudio.TestPlatform.Extensions.Trx.TestLogger.dll
TpTrace Information: 0 : 5356, 1, 2024/07/03, 12:23:15.059, 1522923008013, vstest.console.dll, AssemblyResolver.AddSearchDirectories: Adding more searchDirectories C:\Program Files\dotnet\sdk\8.0.202\Extensions,C:\Program Files\dotnet\sdk\8.0.202
TpTrace Information: 0 : 5356, 1, 2024/07/03, 12:23:15.059, 1522923008561, vstest.console.dll, AssemblyResolver.AddSearchDirectories: Adding more searchDirectories C:\Program Files\dotnet\sdk\8.0.202\Extensions,C:\Program Files\dotnet\sdk\8.0.202
TpTrace Information: 0 : 5356, 1, 2024/07/03, 12:23:15.059, 1522923008928, vstest.console.dll, AssemblyResolver.AddSearchDirectories: Adding more searchDirectories C:\Program Files\dotnet\sdk\8.0.202\Extensions,C:\Program Files\dotnet\sdk\8.0.202
TpTrace Information: 0 : 5356, 1, 2024/07/03, 12:23:15.059, 1522923009349, vstest.console.dll, AssemblyResolver.AddSearchDirectories: Adding more searchDirectories C:\Program Files\dotnet\sdk\8.0.202\Extensions,C:\Program Files\dotnet\sdk\8.0.202
TpTrace Information: 0 : 5356, 1, 2024/07/03, 12:23:15.059, 1522923009695, vstest.console.dll, AssemblyResolver.AddSearchDirectories: Adding more searchDirectories C:\Program Files\dotnet\sdk\8.0.202\Extensions,C:\Program Files\dotnet\sdk\8.0.202
TpTrace Information: 0 : 5356, 1, 2024/07/03, 12:23:15.059, 1522923010013, vstest.console.dll, AssemblyResolver.AddSearchDirectories: Adding more searchDirectories C:\Program Files\dotnet\sdk\8.0.202\Extensions,C:\Program Files\dotnet\sdk\8.0.202
TpTrace Information: 0 : 5356, 1, 2024/07/03, 12:23:15.060, 1522923014405, vstest.console.dll, AssemblyResolver.OnResolve: Microsoft.Diagnostics.NETCore.Client: Resolving assembly.
TpTrace Information: 0 : 5356, 1, 2024/07/03, 12:23:15.060, 1522923015351, vstest.console.dll, AssemblyResolver.OnResolve: Microsoft.Diagnostics.NETCore.Client: Searching in: 'C:\Program Files\dotnet\sdk\8.0.202\Extensions'.
TpTrace Information: 0 : 5356, 1, 2024/07/03, 12:23:15.066, 1522923078634, vstest.console.dll, AssemblyResolver.OnResolve: Microsoft.Diagnostics.NETCore.Client: Loading assembly 'C:\Program Files\dotnet\sdk\8.0.202\Extensions\Microsoft.Diagnostics.NETCore.Client.dll'.
TpTrace Information: 0 : 5356, 1, 2024/07/03, 12:23:15.067, 1522923085231, vstest.console.dll, AssemblyResolver.OnResolve: Resolved assembly: Microsoft.Diagnostics.NETCore.Client, from path: C:\Program Files\dotnet\sdk\8.0.202\Extensions\Microsoft.Diagnostics.NETCore.Client.dll
TpTrace Verbose: 0 : 5356, 1, 2024/07/03, 12:23:15.071, 1522923125885, vstest.console.dll, MetadataReaderExtensionsHelper: Discovering extensions inside assembly 'Microsoft.Diagnostics.NETCore.Client, Version=0.2.9.2401, Culture=neutral, PublicKeyToken=31bf3856ad364e35' file path 'C:\Program Files\dotnet\sdk\8.0.202\Extensions\Microsoft.Diagnostics.NETCore.Client.dll'
TpTrace Information: 0 : 5356, 1, 2024/07/03, 12:23:15.075, 1522923161720, vstest.console.dll, AssemblyResolver.OnResolve: Microsoft.Bcl.AsyncInterfaces: Resolving assembly.
TpTrace Information: 0 : 5356, 1, 2024/07/03, 12:23:15.075, 1522923162620, vstest.console.dll, AssemblyResolver.OnResolve: Microsoft.Bcl.AsyncInterfaces: Searching in: 'C:\Program Files\dotnet\sdk\8.0.202\Extensions'.
TpTrace Information: 0 : 5356, 1, 2024/07/03, 12:23:15.075, 1522923163879, vstest.console.dll, AssemblyResolver.OnResolve: Microsoft.Bcl.AsyncInterfaces: Assembly path does not exist: 'C:\Program Files\dotnet\sdk\8.0.202\Extensions\Microsoft.Bcl.AsyncInterfaces.dll', returning.
TpTrace Information: 0 : 5356, 1, 2024/07/03, 12:23:15.075, 1522923164600, vstest.console.dll, AssemblyResolver.OnResolve: Microsoft.Bcl.AsyncInterfaces: Assembly path does not exist: 'C:\Program Files\dotnet\sdk\8.0.202\Extensions\Microsoft.Bcl.AsyncInterfaces.exe', returning.
TpTrace Information: 0 : 5356, 1, 2024/07/03, 12:23:15.075, 1522923165036, vstest.console.dll, AssemblyResolver.OnResolve: Microsoft.Bcl.AsyncInterfaces: Searching in: 'C:\Program Files\dotnet\sdk\8.0.202'.
TpTrace Information: 0 : 5356, 1, 2024/07/03, 12:23:15.075, 1522923165707, vstest.console.dll, AssemblyResolver.OnResolve: Microsoft.Bcl.AsyncInterfaces: Assembly path does not exist: 'C:\Program Files\dotnet\sdk\8.0.202\Microsoft.Bcl.AsyncInterfaces.dll', returning.
TpTrace Information: 0 : 5356, 1, 2024/07/03, 12:23:15.075, 1522923166352, vstest.console.dll, AssemblyResolver.OnResolve: Microsoft.Bcl.AsyncInterfaces: Assembly path does not exist: 'C:\Program Files\dotnet\sdk\8.0.202\Microsoft.Bcl.AsyncInterfaces.exe', returning.
TpTrace Information: 0 : 5356, 1, 2024/07/03, 12:23:15.075, 1522923166689, vstest.console.dll, AssemblyResolver.OnResolve: Microsoft.Bcl.AsyncInterfaces: Failed to load assembly.
TpTrace Verbose: 0 : 5356, 1, 2024/07/03, 12:23:15.075, 1522923167053, vstest.console.dll, CurrentDomainAssemblyResolve: Resolving assembly 'Microsoft.Bcl.AsyncInterfaces'.
TpTrace Information: 0 : 5356, 1, 2024/07/03, 12:23:15.075, 1522923167652, vstest.console.dll, AssemblyResolver.OnResolve: Microsoft.Bcl.AsyncInterfaces: Resolving assembly.
TpTrace Information: 0 : 5356, 1, 2024/07/03, 12:23:15.075, 1522923168038, vstest.console.dll, AssemblyResolver.OnResolve: Microsoft.Bcl.AsyncInterfaces: Resolved from cache.
TpTrace Verbose: 0 : 5356, 1, 2024/07/03, 12:23:15.075, 1522923168337, vstest.console.dll, CurrentDomainAssemblyResolve: Resolving assembly 'Microsoft.Bcl.AsyncInterfaces'.
TpTrace Verbose: 0 : 5356, 1, 2024/07/03, 12:23:15.075, 1522923168677, vstest.console.dll, CurrentDomainAssemblyResolve: Failed to resolve assembly 'Microsoft.Bcl.AsyncInterfaces'.
TpTrace Verbose: 0 : 5356, 1, 2024/07/03, 12:23:15.076, 1522923175209, vstest.console.dll, CurrentDomainAssemblyResolve: Failed to resolve assembly 'Microsoft.Bcl.AsyncInterfaces'.
TpTrace Warning: 0 : 5356, 1, 2024/07/03, 12:23:15.085, 1522923263059, vstest.console.dll, TestPluginDiscoverer: Failed to get types from assembly 'Microsoft.Diagnostics.NETCore.Client, Version=0.2.9.2401, Culture=neutral, PublicKeyToken=31bf3856ad364e35'. Error: System.Reflection.ReflectionTypeLoadException: Unable to load one or more of the requested types.
Could not load file or assembly 'Microsoft.Bcl.AsyncInterfaces, Version=6.0.0.0, Culture=neutral, PublicKeyToken=cc7b13ffcd2ddd51'. The system cannot find the file specified.
   at System.Reflection.RuntimeModule.GetTypes(RuntimeModule module)
   at System.Reflection.RuntimeModule.GetTypes()
   at Microsoft.VisualStudio.TestPlatform.Common.ExtensionFramework.TestPluginDiscoverer.GetTestExtensionsFromAssembly[TPluginInfo,TExtension](Assembly assembly, Dictionary`2 pluginInfos, String filePath) in /_/src/Microsoft.TestPlatform.Common/ExtensionFramework/TestPluginDiscoverer.cs:line 158
System.IO.FileNotFoundException: Could not load file or assembly 'Microsoft.Bcl.AsyncInterfaces, Version=6.0.0.0, Culture=neutral, PublicKeyToken=cc7b13ffcd2ddd51'. The system cannot find the file specified.
File name: 'Microsoft.Bcl.AsyncInterfaces, Version=6.0.0.0, Culture=neutral, PublicKeyToken=cc7b13ffcd2ddd51'
 ---> System.IO.FileNotFoundException: Could not load file or assembly 'Microsoft.Bcl.AsyncInterfaces, Culture=neutral, PublicKeyToken=null'. The system cannot find the file specified.
File name: 'Microsoft.Bcl.AsyncInterfaces, Culture=neutral, PublicKeyToken=null'
   at System.Reflection.RuntimeAssembly.InternalLoad(AssemblyName assemblyName, StackCrawlMark& stackMark, AssemblyLoadContext assemblyLoadContext, RuntimeAssembly requestingAssembly, Boolean throwOnFileNotFound)
   at System.Reflection.Assembly.Load(AssemblyName assemblyRef)
   at Microsoft.VisualStudio.TestPlatform.Common.ExtensionFramework.TestPluginCache.CurrentDomainAssemblyResolve(Object sender, AssemblyResolveEventArgs args) in /_/src/Microsoft.TestPlatform.Common/ExtensionFramework/TestPluginCache.cs:line 513
   at System.Runtime.Loader.AssemblyLoadContext.GetFirstResolvedAssemblyFromResolvingEvent(AssemblyName assemblyName)
   at System.Runtime.Loader.AssemblyLoadContext.ResolveUsingEvent(AssemblyName assemblyName)
   at System.Runtime.Loader.AssemblyLoadContext.ResolveUsingResolvingEvent(IntPtr gchManagedAssemblyLoadContext, AssemblyName assemblyName)
TpTrace Warning: 0 : 5356, 1, 2024/07/03, 12:23:15.085, 1522923266558, vstest.console.dll, LoaderExceptions: System.IO.FileNotFoundException: Could not load file or assembly 'Microsoft.Bcl.AsyncInterfaces, Version=6.0.0.0, Culture=neutral, PublicKeyToken=cc7b13ffcd2ddd51'. The system cannot find the file specified.
File name: 'Microsoft.Bcl.AsyncInterfaces, Version=6.0.0.0, Culture=neutral, PublicKeyToken=cc7b13ffcd2ddd51'
 ---> System.IO.FileNotFoundException: Could not load file or assembly 'Microsoft.Bcl.AsyncInterfaces, Culture=neutral, PublicKeyToken=null'. The system cannot find the file specified.
File name: 'Microsoft.Bcl.AsyncInterfaces, Culture=neutral, PublicKeyToken=null'
   at System.Reflection.RuntimeAssembly.InternalLoad(AssemblyName assemblyName, StackCrawlMark& stackMark, AssemblyLoadContext assemblyLoadContext, RuntimeAssembly requestingAssembly, Boolean throwOnFileNotFound)
   at System.Reflection.Assembly.Load(AssemblyName assemblyRef)
   at Microsoft.VisualStudio.TestPlatform.Common.ExtensionFramework.TestPluginCache.CurrentDomainAssemblyResolve(Object sender, AssemblyResolveEventArgs args) in /_/src/Microsoft.TestPlatform.Common/ExtensionFramework/TestPluginCache.cs:line 513
   at System.Runtime.Loader.AssemblyLoadContext.GetFirstResolvedAssemblyFromResolvingEvent(AssemblyName assemblyName)
   at System.Runtime.Loader.AssemblyLoadContext.ResolveUsingEvent(AssemblyName assemblyName)
   at System.Runtime.Loader.AssemblyLoadContext.ResolveUsingResolvingEvent(IntPtr gchManagedAssemblyLoadContext, AssemblyName assemblyName)
TpTrace Information: 0 : 5356, 1, 2024/07/03, 12:23:15.085, 1522923267924, vstest.console.dll, AssemblyResolver.OnResolve: Microsoft.TestPlatform.Extensions.BlameDataCollector: Resolving assembly.
TpTrace Information: 0 : 5356, 1, 2024/07/03, 12:23:15.085, 1522923268362, vstest.console.dll, AssemblyResolver.OnResolve: Microsoft.TestPlatform.Extensions.BlameDataCollector: Searching in: 'C:\Program Files\dotnet\sdk\8.0.202\Extensions'.
TpTrace Information: 0 : 5356, 1, 2024/07/03, 12:23:15.086, 1522923271700, vstest.console.dll, AssemblyResolver.OnResolve: Microsoft.TestPlatform.Extensions.BlameDataCollector: Loading assembly 'C:\Program Files\dotnet\sdk\8.0.202\Extensions\Microsoft.TestPlatform.Extensions.BlameDataCollector.dll'.
TpTrace Information: 0 : 5356, 1, 2024/07/03, 12:23:15.086, 1522923277273, vstest.console.dll, AssemblyResolver.OnResolve: Resolved assembly: Microsoft.TestPlatform.Extensions.BlameDataCollector, from path: C:\Program Files\dotnet\sdk\8.0.202\Extensions\Microsoft.TestPlatform.Extensions.BlameDataCollector.dll
TpTrace Verbose: 0 : 5356, 1, 2024/07/03, 12:23:15.086, 1522923278136, vstest.console.dll, MetadataReaderExtensionsHelper: Discovering extensions inside assembly 'Microsoft.TestPlatform.Extensions.BlameDataCollector, Version=15.0.0.0, Culture=neutral, PublicKeyToken=b03f5f7f11d50a3a' file path 'C:\Program Files\dotnet\sdk\8.0.202\Extensions\Microsoft.TestPlatform.Extensions.BlameDataCollector.dll'
TpTrace Information: 0 : 5356, 1, 2024/07/03, 12:23:15.087, 1522923289978, vstest.console.dll, AssemblyResolver.OnResolve: Microsoft.TestPlatform.Extensions.EventLogCollector: Resolving assembly.
TpTrace Information: 0 : 5356, 1, 2024/07/03, 12:23:15.088, 1522923291608, vstest.console.dll, AssemblyResolver.OnResolve: Microsoft.TestPlatform.Extensions.EventLogCollector: Searching in: 'C:\Program Files\dotnet\sdk\8.0.202\Extensions'.
TpTrace Information: 0 : 5356, 1, 2024/07/03, 12:23:15.088, 1522923294658, vstest.console.dll, AssemblyResolver.OnResolve: Microsoft.TestPlatform.Extensions.EventLogCollector: Loading assembly 'C:\Program Files\dotnet\sdk\8.0.202\Extensions\Microsoft.TestPlatform.Extensions.EventLogCollector.dll'.
TpTrace Information: 0 : 5356, 1, 2024/07/03, 12:23:15.088, 1522923298494, vstest.console.dll, AssemblyResolver.OnResolve: Resolved assembly: Microsoft.TestPlatform.Extensions.EventLogCollector, from path: C:\Program Files\dotnet\sdk\8.0.202\Extensions\Microsoft.TestPlatform.Extensions.EventLogCollector.dll
TpTrace Verbose: 0 : 5356, 1, 2024/07/03, 12:23:15.088, 1522923299218, vstest.console.dll, MetadataReaderExtensionsHelper: Discovering extensions inside assembly 'Microsoft.TestPlatform.Extensions.EventLogCollector, Version=15.0.0.0, Culture=neutral, PublicKeyToken=b03f5f7f11d50a3a' file path 'C:\Program Files\dotnet\sdk\8.0.202\Extensions\Microsoft.TestPlatform.Extensions.EventLogCollector.dll'
TpTrace Information: 0 : 5356, 1, 2024/07/03, 12:23:15.090, 1522923316013, vstest.console.dll, AssemblyResolver.OnResolve: Microsoft.TestPlatform.TestHostRuntimeProvider: Resolving assembly.
TpTrace Information: 0 : 5356, 1, 2024/07/03, 12:23:15.090, 1522923316790, vstest.console.dll, AssemblyResolver.OnResolve: Microsoft.TestPlatform.TestHostRuntimeProvider: Searching in: 'C:\Program Files\dotnet\sdk\8.0.202\Extensions'.
TpTrace Information: 0 : 5356, 1, 2024/07/03, 12:23:15.090, 1522923319374, vstest.console.dll, AssemblyResolver.OnResolve: Microsoft.TestPlatform.TestHostRuntimeProvider: Loading assembly 'C:\Program Files\dotnet\sdk\8.0.202\Extensions\Microsoft.TestPlatform.TestHostRuntimeProvider.dll'.
TpTrace Information: 0 : 5356, 1, 2024/07/03, 12:23:15.091, 1522923323921, vstest.console.dll, AssemblyResolver.OnResolve: Resolved assembly: Microsoft.TestPlatform.TestHostRuntimeProvider, from path: C:\Program Files\dotnet\sdk\8.0.202\Extensions\Microsoft.TestPlatform.TestHostRuntimeProvider.dll
TpTrace Verbose: 0 : 5356, 1, 2024/07/03, 12:23:15.091, 1522923324699, vstest.console.dll, MetadataReaderExtensionsHelper: Discovering extensions inside assembly 'Microsoft.TestPlatform.TestHostRuntimeProvider, Version=15.0.0.0, Culture=neutral, PublicKeyToken=b03f5f7f11d50a3a' file path 'C:\Program Files\dotnet\sdk\8.0.202\Extensions\Microsoft.TestPlatform.TestHostRuntimeProvider.dll'
TpTrace Information: 0 : 5356, 1, 2024/07/03, 12:23:15.092, 1522923337050, vstest.console.dll, GetTestExtensionFromType: Register extension with identifier data 'HostProvider://DefaultTestHost' and type 'Microsoft.VisualStudio.TestPlatform.CrossPlatEngine.Hosting.DefaultTestHostManager, Microsoft.TestPlatform.TestHostRuntimeProvider, Version=15.0.0.0, Culture=neutral, PublicKeyToken=b03f5f7f11d50a3a' inside file 'C:\Program Files\dotnet\sdk\8.0.202\Extensions\Microsoft.TestPlatform.TestHostRuntimeProvider.dll'
TpTrace Information: 0 : 5356, 1, 2024/07/03, 12:23:15.092, 1522923339231, vstest.console.dll, GetTestExtensionFromType: Register extension with identifier data 'HostProvider://DotnetTestHost' and type 'Microsoft.VisualStudio.TestPlatform.CrossPlatEngine.Hosting.DotnetTestHostManager, Microsoft.TestPlatform.TestHostRuntimeProvider, Version=15.0.0.0, Culture=neutral, PublicKeyToken=b03f5f7f11d50a3a' inside file 'C:\Program Files\dotnet\sdk\8.0.202\Extensions\Microsoft.TestPlatform.TestHostRuntimeProvider.dll'
TpTrace Information: 0 : 5356, 1, 2024/07/03, 12:23:15.092, 1522923340184, vstest.console.dll, AssemblyResolver.OnResolve: Microsoft.VisualStudio.TestPlatform.Extensions.Html.TestLogger: Resolving assembly.
TpTrace Information: 0 : 5356, 1, 2024/07/03, 12:23:15.092, 1522923340584, vstest.console.dll, AssemblyResolver.OnResolve: Microsoft.VisualStudio.TestPlatform.Extensions.Html.TestLogger: Searching in: 'C:\Program Files\dotnet\sdk\8.0.202\Extensions'.
TpTrace Information: 0 : 5356, 1, 2024/07/03, 12:23:15.093, 1522923344144, vstest.console.dll, AssemblyResolver.OnResolve: Microsoft.VisualStudio.TestPlatform.Extensions.Html.TestLogger: Loading assembly 'C:\Program Files\dotnet\sdk\8.0.202\Extensions\Microsoft.VisualStudio.TestPlatform.Extensions.Html.TestLogger.dll'.
TpTrace Information: 0 : 5356, 1, 2024/07/03, 12:23:15.093, 1522923349260, vstest.console.dll, AssemblyResolver.OnResolve: Resolved assembly: Microsoft.VisualStudio.TestPlatform.Extensions.Html.TestLogger, from path: C:\Program Files\dotnet\sdk\8.0.202\Extensions\Microsoft.VisualStudio.TestPlatform.Extensions.Html.TestLogger.dll
TpTrace Verbose: 0 : 5356, 1, 2024/07/03, 12:23:15.093, 1522923350128, vstest.console.dll, MetadataReaderExtensionsHelper: Discovering extensions inside assembly 'Microsoft.VisualStudio.TestPlatform.Extensions.Html.TestLogger, Version=15.0.0.0, Culture=neutral, PublicKeyToken=b03f5f7f11d50a3a' file path 'C:\Program Files\dotnet\sdk\8.0.202\Extensions\Microsoft.VisualStudio.TestPlatform.Extensions.Html.TestLogger.dll'
TpTrace Information: 0 : 5356, 1, 2024/07/03, 12:23:15.094, 1522923358105, vstest.console.dll, AssemblyResolver.OnResolve: Microsoft.VisualStudio.TestPlatform.Extensions.Trx.TestLogger: Resolving assembly.
TpTrace Information: 0 : 5356, 1, 2024/07/03, 12:23:15.094, 1522923358850, vstest.console.dll, AssemblyResolver.OnResolve: Microsoft.VisualStudio.TestPlatform.Extensions.Trx.TestLogger: Searching in: 'C:\Program Files\dotnet\sdk\8.0.202\Extensions'.
TpTrace Information: 0 : 5356, 1, 2024/07/03, 12:23:15.095, 1522923361754, vstest.console.dll, AssemblyResolver.OnResolve: Microsoft.VisualStudio.TestPlatform.Extensions.Trx.TestLogger: Loading assembly 'C:\Program Files\dotnet\sdk\8.0.202\Extensions\Microsoft.VisualStudio.TestPlatform.Extensions.Trx.TestLogger.dll'.
TpTrace Information: 0 : 5356, 1, 2024/07/03, 12:23:15.095, 1522923366711, vstest.console.dll, AssemblyResolver.OnResolve: Resolved assembly: Microsoft.VisualStudio.TestPlatform.Extensions.Trx.TestLogger, from path: C:\Program Files\dotnet\sdk\8.0.202\Extensions\Microsoft.VisualStudio.TestPlatform.Extensions.Trx.TestLogger.dll
TpTrace Verbose: 0 : 5356, 1, 2024/07/03, 12:23:15.095, 1522923367422, vstest.console.dll, MetadataReaderExtensionsHelper: Discovering extensions inside assembly 'Microsoft.VisualStudio.TestPlatform.Extensions.Trx.TestLogger, Version=15.0.0.0, Culture=neutral, PublicKeyToken=b03f5f7f11d50a3a' file path 'C:\Program Files\dotnet\sdk\8.0.202\Extensions\Microsoft.VisualStudio.TestPlatform.Extensions.Trx.TestLogger.dll'
TpTrace Verbose: 0 : 5356, 1, 2024/07/03, 12:23:15.096, 1522923376151, vstest.console.dll, TestPluginCache: Discovered the extensions using extension path ''.
TpTrace Verbose: 0 : 5356, 1, 2024/07/03, 12:23:15.096, 1522923376978, vstest.console.dll, TestPluginCache: Discoverers are ''.
TpTrace Verbose: 0 : 5356, 1, 2024/07/03, 12:23:15.096, 1522923377419, vstest.console.dll, TestPluginCache: Executors are ''.
TpTrace Verbose: 0 : 5356, 1, 2024/07/03, 12:23:15.096, 1522923377721, vstest.console.dll, TestPluginCache: Executors2 are ''.
TpTrace Verbose: 0 : 5356, 1, 2024/07/03, 12:23:15.096, 1522923377994, vstest.console.dll, TestPluginCache: Setting providers are ''.
TpTrace Verbose: 0 : 5356, 1, 2024/07/03, 12:23:15.096, 1522923378264, vstest.console.dll, TestPluginCache: Loggers are ''.
TpTrace Verbose: 0 : 5356, 1, 2024/07/03, 12:23:15.096, 1522923379037, vstest.console.dll, TestPluginCache: TestHosts are 'HostProvider://DefaultTestHost,HostProvider://DotnetTestHost'.
TpTrace Verbose: 0 : 5356, 1, 2024/07/03, 12:23:15.096, 1522923379406, vstest.console.dll, TestPluginCache: DataCollectors are ''.
TpTrace Information: 0 : 5356, 1, 2024/07/03, 12:23:15.106, 1522923475252, vstest.console.dll, RunTestsArgumentProcessor:Execute: Test run is starting.
TpTrace Verbose: 0 : 5356, 1, 2024/07/03, 12:23:15.106, 1522923476192, vstest.console.dll, RunTestsArgumentProcessor:Execute: Queuing Test run.
TpTrace Information: 0 : 5356, 1, 2024/07/03, 12:23:15.106, 1522923478046, vstest.console.dll, TestRequestManager.RunTests: run tests started.
TpTrace Information: 0 : 5356, 1, 2024/07/03, 12:23:15.107, 1522923490002, vstest.console.dll, AssemblyMetadataProvider.GetFrameworkName: Determined framework:'.NETCoreApp,Version=v8.0' for source: 'D:\trainingDemo\employee Macro Project\AuthenticationMarco\AuthenticationMarco\bin\Debug\net8.0\AuthenticationMarco.dll'
TpTrace Information: 0 : 5356, 1, 2024/07/03, 12:23:15.108, 1522923491802, vstest.console.dll, Determined framework for all sources: .NETCoreApp,Version=v8.0
TpTrace Verbose: 0 : 5356, 1, 2024/07/03, 12:23:15.108, 1522923493936, vstest.console.dll, TestRequestManager.UpdateRunSettingsIfRequired: Default architecture: X64 IsDefaultTargetArchitecture: True, Current process architecture: X64 OperatingSystem: Windows.
TpTrace Information: 0 : 5356, 1, 2024/07/03, 12:23:15.109, 1522923510046, vstest.console.dll, AssemblyMetadataProvider.GetArchitecture: Determined architecture:AnyCPU info for assembly: D:\trainingDemo\employee Macro Project\AuthenticationMarco\AuthenticationMarco\bin\Debug\net8.0\AuthenticationMarco.dll
TpTrace Information: 0 : 5356, 1, 2024/07/03, 12:23:15.110, 1522923510862, vstest.console.dll, Determined platform for source 'D:\trainingDemo\employee Macro Project\AuthenticationMarco\AuthenticationMarco\bin\Debug\net8.0\AuthenticationMarco.dll' was AnyCPU and it will use the default plaform X64.
TpTrace Information: 0 : 5356, 1, 2024/07/03, 12:23:15.110, 1522923511194, vstest.console.dll, None of the sources provided any runnable platform, using the default platform: X64
TpTrace Information: 0 : 5356, 1, 2024/07/03, 12:23:15.110, 1522923512644, vstest.console.dll, Platform was updated to 'X64'.
TpTrace Information: 0 : 5356, 1, 2024/07/03, 12:23:15.111, 1522923528425, vstest.console.dll, Compatible sources list: 
TpTrace Information: 0 : 5356, 1, 2024/07/03, 12:23:15.111, 1522923529253, vstest.console.dll, D:\trainingDemo\employee Macro Project\AuthenticationMarco\AuthenticationMarco\bin\Debug\net8.0\AuthenticationMarco.dll
TpTrace Information: 0 : 5356, 1, 2024/07/03, 12:23:15.114, 1522923552384, vstest.console.dll, InferRunSettingsHelper.IsTestSettingsEnabled: Unable to navigate to RunSettings/MSTest. Current node: RunSettings
TpTrace Information: 0 : 5356, 1, 2024/07/03, 12:23:15.114, 1522923558118, vstest.console.dll, AssemblyResolver.OnResolve: Microsoft.VisualStudio.TestPlatform.Fakes: Resolving assembly.
TpTrace Information: 0 : 5356, 1, 2024/07/03, 12:23:15.114, 1522923558780, vstest.console.dll, AssemblyResolver.OnResolve: Microsoft.VisualStudio.TestPlatform.Fakes: Searching in: 'C:\Program Files\dotnet\sdk\8.0.202\Extensions'.
TpTrace Information: 0 : 5356, 1, 2024/07/03, 12:23:15.114, 1522923559932, vstest.console.dll, AssemblyResolver.OnResolve: Microsoft.VisualStudio.TestPlatform.Fakes: Assembly path does not exist: 'C:\Program Files\dotnet\sdk\8.0.202\Extensions\Microsoft.VisualStudio.TestPlatform.Fakes.dll', returning.
TpTrace Information: 0 : 5356, 1, 2024/07/03, 12:23:15.114, 1522923560724, vstest.console.dll, AssemblyResolver.OnResolve: Microsoft.VisualStudio.TestPlatform.Fakes: Assembly path does not exist: 'C:\Program Files\dotnet\sdk\8.0.202\Extensions\Microsoft.VisualStudio.TestPlatform.Fakes.exe', returning.
TpTrace Information: 0 : 5356, 1, 2024/07/03, 12:23:15.115, 1522923561103, vstest.console.dll, AssemblyResolver.OnResolve: Microsoft.VisualStudio.TestPlatform.Fakes: Searching in: 'C:\Program Files\dotnet\sdk\8.0.202'.
TpTrace Information: 0 : 5356, 1, 2024/07/03, 12:23:15.115, 1522923561804, vstest.console.dll, AssemblyResolver.OnResolve: Microsoft.VisualStudio.TestPlatform.Fakes: Assembly path does not exist: 'C:\Program Files\dotnet\sdk\8.0.202\Microsoft.VisualStudio.TestPlatform.Fakes.dll', returning.
TpTrace Information: 0 : 5356, 1, 2024/07/03, 12:23:15.115, 1522923562474, vstest.console.dll, AssemblyResolver.OnResolve: Microsoft.VisualStudio.TestPlatform.Fakes: Assembly path does not exist: 'C:\Program Files\dotnet\sdk\8.0.202\Microsoft.VisualStudio.TestPlatform.Fakes.exe', returning.
TpTrace Information: 0 : 5356, 1, 2024/07/03, 12:23:15.115, 1522923562933, vstest.console.dll, AssemblyResolver.OnResolve: Microsoft.VisualStudio.TestPlatform.Fakes: Failed to load assembly.
TpTrace Information: 0 : 5356, 1, 2024/07/03, 12:23:15.115, 1522923565474, vstest.console.dll, Failed to load assembly Microsoft.VisualStudio.TestPlatform.Fakes, Version=17.0.0.0, Culture=neutral. Reason:System.IO.FileNotFoundException: Could not load file or assembly 'Microsoft.VisualStudio.TestPlatform.Fakes, Version=17.0.0.0, Culture=neutral, PublicKeyToken=null'. The system cannot find the file specified.
File name: 'Microsoft.VisualStudio.TestPlatform.Fakes, Version=17.0.0.0, Culture=neutral, PublicKeyToken=null'
   at System.Reflection.RuntimeAssembly.InternalLoad(AssemblyName assemblyName, StackCrawlMark& stackMark, AssemblyLoadContext assemblyLoadContext, RuntimeAssembly requestingAssembly, Boolean throwOnFileNotFound)
   at System.Reflection.Assembly.Load(AssemblyName assemblyRef)
   at Microsoft.VisualStudio.TestPlatform.Common.Utilities.FakesUtilities.LoadTestPlatformAssembly() in /_/src/Microsoft.TestPlatform.Common/Utilities/FakesUtilities.cs:line 272
TpTrace Verbose: 0 : 5356, 1, 2024/07/03, 12:23:15.124, 1522923655032, vstest.console.dll, TestEngine: Initializing Parallel Execution as MaxCpuCount is set to: 1
TpTrace Information: 0 : 5356, 1, 2024/07/03, 12:23:15.125, 1522923667075, vstest.console.dll, TestPluginManager.CreateTestExtension: Attempting to load test extension: Microsoft.VisualStudio.TestPlatform.CrossPlatEngine.Hosting.DefaultTestHostManager
TpTrace Information: 0 : 5356, 1, 2024/07/03, 12:23:15.126, 1522923676527, vstest.console.dll, TestPluginManager.CreateTestExtension: Attempting to load test extension: Microsoft.VisualStudio.TestPlatform.CrossPlatEngine.Hosting.DotnetTestHostManager
TpTrace Information: 0 : 5356, 1, 2024/07/03, 12:23:15.127, 1522923682369, vstest.console.dll, InferRunSettingsHelper.IsTestSettingsEnabled: Unable to navigate to RunSettings/MSTest. Current node: RunSettings
TpTrace Verbose: 0 : 5356, 1, 2024/07/03, 12:23:15.127, 1522923688544, vstest.console.dll, ParallelOperationManager.ClearSlots: Clearing all slots. Slots should accept more work: True
TpTrace Verbose: 0 : 5356, 1, 2024/07/03, 12:23:15.128, 1522923694025, vstest.console.dll, ParallelOperationManager.SetOccupiedSlotCount: Setting slot counts AvailableSlotCount = 1, OccupiedSlotCount = 0.
TpTrace Verbose: 0 : 5356, 1, 2024/07/03, 12:23:15.128, 1522923697120, vstest.console.dll, Occupied slots:

TpTrace Verbose: 0 : 5356, 1, 2024/07/03, 12:23:15.131, 1522923726667, vstest.console.dll, TestEngine.GetExecutionManager: Chosen execution manager 'Microsoft.VisualStudio.TestPlatform.CrossPlatEngine.Client.Parallel.ParallelProxyExecutionManager, Microsoft.TestPlatform.CrossPlatEngine, Version=15.0.0.0, Culture=neutral, PublicKeyToken=b03f5f7f11d50a3a' ParallelLevel '1'.
TpTrace Verbose: 0 : 5356, 1, 2024/07/03, 12:23:15.131, 1522923728169, vstest.console.dll, TestRunRequest.ExecuteAsync: Creating test run request.
TpTrace Verbose: 0 : 5356, 1, 2024/07/03, 12:23:15.132, 1522923731773, vstest.console.dll, TestRunRequest.ExecuteAsync: Starting.
TpTrace Information: 0 : 5356, 1, 2024/07/03, 12:23:15.133, 1522923742470, vstest.console.dll, TestRunRequest.ExecuteAsync: Starting run with settings:TestRunCriteria:
   KeepAlive=False,FrequencyOfRunStatsChangeEvent=10,RunStatsChangeEventTimeout=00:00:01.5000000,TestCaseFilter=,TestExecutorLauncher=
   Settingsxml=<RunSettings>
  <RunConfiguration>
    <ResultsDirectory>D:\trainingDemo\employee Macro Project\AuthenticationMarco\AuthenticationMarco\TestResults</ResultsDirectory>
    <TargetPlatform>X64</TargetPlatform>
    <TargetFrameworkVersion>.NETCoreApp,Version=v8.0</TargetFrameworkVersion>
    <DesignMode>False</DesignMode>
    <CollectSourceInformation>False</CollectSourceInformation>
  </RunConfiguration>
  <LoggerRunSettings>
    <Loggers>
      <Logger friendlyName="Console" assemblyQualifiedName="Microsoft.VisualStudio.TestPlatform.CommandLine.Internal.ConsoleLogger, vstest.console, Version=15.0.0.0, Culture=neutral, PublicKeyToken=b03f5f7f11d50a3a" codeBase="C:\Program Files\dotnet\sdk\8.0.202\vstest.console.dll" enabled="True">
        <Configuration>
          <Verbosity>minimal</Verbosity>
        </Configuration>
      </Logger>
    </Loggers>
  </LoggerRunSettings>
</RunSettings>

TpTrace Verbose: 0 : 5356, 1, 2024/07/03, 12:23:15.133, 1522923743560, vstest.console.dll, TestRunRequest.ExecuteAsync: Wait for the first run request is over.
TpTrace Verbose: 0 : 5356, 1, 2024/07/03, 12:23:15.133, 1522923746240, vstest.console.dll, MulticastDelegateUtilities.SafeInvoke: TestRun.TestRunStart: Invoking callbacks was skipped because there are no subscribers.
TpTrace Verbose: 0 : 5356, 4, 2024/07/03, 12:23:15.133, 1522923747894, vstest.console.dll, MulticastDelegateUtilities.SafeInvoke: InternalTestLoggerEvents.SendTestRunStart: Invoking callback 1/1 for Microsoft.VisualStudio.TestPlatform.CommandLine.Internal.ConsoleLogger., took 0 ms.
TpTrace Verbose: 0 : 5356, 1, 2024/07/03, 12:23:15.134, 1522923755003, vstest.console.dll, ParallelProxyExecutionManager: Start execution. Total sources: 1
TpTrace Verbose: 0 : 5356, 1, 2024/07/03, 12:23:15.134, 1522923758300, vstest.console.dll, ParallelOperationManager.StartWork: Starting adding 1 workloads.
TpTrace Verbose: 0 : 5356, 1, 2024/07/03, 12:23:15.134, 1522923759074, vstest.console.dll, ParallelOperationManager.ClearSlots: Clearing all slots. Slots should accept more work: True
TpTrace Verbose: 0 : 5356, 1, 2024/07/03, 12:23:15.134, 1522923759862, vstest.console.dll, ParallelOperationManager.SetOccupiedSlotCount: Setting slot counts AvailableSlotCount = 1, OccupiedSlotCount = 0.
TpTrace Verbose: 0 : 5356, 1, 2024/07/03, 12:23:15.134, 1522923760374, vstest.console.dll, Occupied slots:

TpTrace Verbose: 0 : 5356, 1, 2024/07/03, 12:23:15.136, 1522923776294, vstest.console.dll, TestRequestSender is acting as server.
TpTrace Verbose: 0 : 5356, 1, 2024/07/03, 12:23:15.136, 1522923779876, vstest.console.dll, ParallelOperationManager.RunWorkInParallel: Adding 1 workload to slot, remaining workloads 0.
TpTrace Verbose: 0 : 5356, 1, 2024/07/03, 12:23:15.137, 1522923780985, vstest.console.dll, ParallelOperationManager.SetOccupiedSlotCount: Setting slot counts AvailableSlotCount = 0, OccupiedSlotCount = 1.
TpTrace Verbose: 0 : 5356, 1, 2024/07/03, 12:23:15.137, 1522923782644, vstest.console.dll, Occupied slots:
0: D:\trainingDemo\employee Macro Project\AuthenticationMarco\AuthenticationMarco\bin\Debug\net8.0\AuthenticationMarco.dll
TpTrace Verbose: 0 : 5356, 1, 2024/07/03, 12:23:15.138, 1522923795375, vstest.console.dll, ParallelOperationManager.RunWorkInParallel: Started host in slot number 0 for work (source): D:\trainingDemo\employee Macro Project\AuthenticationMarco\AuthenticationMarco\bin\Debug\net8.0\AuthenticationMarco.dll.
TpTrace Verbose: 0 : 5356, 1, 2024/07/03, 12:23:15.139, 1522923807906, vstest.console.dll, ParallelOperationManager.RunWorkInParallel: We started 1 work items, which is the max parallel level. Won't start more work.
TpTrace Verbose: 0 : 5356, 5, 2024/07/03, 12:23:15.139, 1522923808112, vstest.console.dll, ParallelProxyExecutionManager.StartTestRunOnConcurrentManager: Initializing uninitialized client. Started clients: 0
TpTrace Verbose: 0 : 5356, 1, 2024/07/03, 12:23:15.139, 1522923809227, vstest.console.dll, ParallelOperationManager.RunWorkInParallel: We started 1 work items in here, returning True.
TpTrace Verbose: 0 : 5356, 5, 2024/07/03, 12:23:15.139, 1522923809955, vstest.console.dll, ParallelProxyExecutionManager.StartTestRunOnConcurrentManager: Initializing test run. Started clients: 0
TpTrace Information: 0 : 5356, 1, 2024/07/03, 12:23:15.139, 1522923810645, vstest.console.dll, TestRunRequest.ExecuteAsync: Started.
TpTrace Verbose: 0 : 5356, 5, 2024/07/03, 12:23:15.140, 1522923811571, vstest.console.dll, ProxyExecutionManager: Test host is always Lazy initialize.
TpTrace Verbose: 0 : 5356, 5, 2024/07/03, 12:23:15.140, 1522923813961, vstest.console.dll, TestRequestSender.InitializeCommunication: initialize communication. 
TpTrace Verbose: 0 : 5356, 1, 2024/07/03, 12:23:15.140, 1522923816270, vstest.console.dll, TestRunRequest.WaitForCompletion: Waiting with timeout -1.
TpTrace Information: 0 : 5356, 5, 2024/07/03, 12:23:15.150, 1522923915889, vstest.console.dll, SocketServer.Start: Listening on endpoint : 127.0.0.1:61659
TpTrace Verbose: 0 : 5356, 5, 2024/07/03, 12:23:15.154, 1522923958615, vstest.console.dll, DotnetTestHostmanager.GetTestHostProcessStartInfo: Platform environment 'X64' target architecture 'X64' framework '.NETCoreApp,Version=v8.0' OS 'Windows'
TpTrace Verbose: 0 : 5356, 5, 2024/07/03, 12:23:15.154, 1522923960252, vstest.console.dll, DotnetTestHostmanager: Adding  --runtimeconfig "D:\trainingDemo\employee Macro Project\AuthenticationMarco\AuthenticationMarco\bin\Debug\net8.0\AuthenticationMarco.runtimeconfig.json" in args
TpTrace Verbose: 0 : 5356, 5, 2024/07/03, 12:23:15.155, 1522923960847, vstest.console.dll, DotnetTestHostmanager: Adding  --depsfile "D:\trainingDemo\employee Macro Project\AuthenticationMarco\AuthenticationMarco\bin\Debug\net8.0\AuthenticationMarco.deps.json" in args
TpTrace Verbose: 0 : 5356, 5, 2024/07/03, 12:23:15.155, 1522923962746, vstest.console.dll, DotnetTestHostmanager.IsWinOnArm: Current PROCESSOR_ARCHITECTURE from environment variable 'AMD64'
TpTrace Verbose: 0 : 5356, 5, 2024/07/03, 12:23:15.155, 1522923963308, vstest.console.dll, DotnetTestHostmanager.IsWinOnArm: Is Windows on ARM 'False'
TpTrace Information: 0 : 5356, 5, 2024/07/03, 12:23:15.155, 1522923964268, vstest.console.dll, AssemblyResolver.OnResolve: Microsoft.Extensions.DependencyModel: Resolving assembly.
TpTrace Information: 0 : 5356, 5, 2024/07/03, 12:23:15.155, 1522923964694, vstest.console.dll, AssemblyResolver.OnResolve: Microsoft.Extensions.DependencyModel: Searching in: 'C:\Program Files\dotnet\sdk\8.0.202\Extensions'.
TpTrace Information: 0 : 5356, 5, 2024/07/03, 12:23:15.155, 1522923965550, vstest.console.dll, AssemblyResolver.OnResolve: Microsoft.Extensions.DependencyModel: Assembly path does not exist: 'C:\Program Files\dotnet\sdk\8.0.202\Extensions\Microsoft.Extensions.DependencyModel.dll', returning.
TpTrace Information: 0 : 5356, 5, 2024/07/03, 12:23:15.155, 1522923966232, vstest.console.dll, AssemblyResolver.OnResolve: Microsoft.Extensions.DependencyModel: Assembly path does not exist: 'C:\Program Files\dotnet\sdk\8.0.202\Extensions\Microsoft.Extensions.DependencyModel.exe', returning.
TpTrace Information: 0 : 5356, 5, 2024/07/03, 12:23:15.155, 1522923966615, vstest.console.dll, AssemblyResolver.OnResolve: Microsoft.Extensions.DependencyModel: Searching in: 'C:\Program Files\dotnet\sdk\8.0.202'.
TpTrace Information: 0 : 5356, 5, 2024/07/03, 12:23:15.155, 1522923969456, vstest.console.dll, AssemblyResolver.OnResolve: Microsoft.Extensions.DependencyModel: Loading assembly 'C:\Program Files\dotnet\sdk\8.0.202\Microsoft.Extensions.DependencyModel.dll'.
TpTrace Information: 0 : 5356, 5, 2024/07/03, 12:23:15.156, 1522923974336, vstest.console.dll, AssemblyResolver.OnResolve: Resolved assembly: Microsoft.Extensions.DependencyModel, from path: C:\Program Files\dotnet\sdk\8.0.202\Microsoft.Extensions.DependencyModel.dll
TpTrace Verbose: 0 : 5356, 5, 2024/07/03, 12:23:15.156, 1522923979459, vstest.console.dll, DotnetTestHostmanager: Runtimeconfig.dev.json D:\trainingDemo\employee Macro Project\AuthenticationMarco\AuthenticationMarco\bin\Debug\net8.0\AuthenticationMarco.runtimeconfig.dev.json does not exist.
TpTrace Verbose: 0 : 5356, 5, 2024/07/03, 12:23:15.156, 1522923980492, vstest.console.dll, DotnetTestHostmanager: Runtimeconfig.dev.json D:\trainingDemo\employee Macro Project\AuthenticationMarco\AuthenticationMarco\bin\Debug\net8.0\AuthenticationMarco.runtimeconfig.dev.json does not exist.
TpTrace Verbose: 0 : 5356, 5, 2024/07/03, 12:23:15.157, 1522923982196, vstest.console.dll, DotnetTestHostManager: Found testhost.dll next to runner executable: C:\Program Files\dotnet\sdk\8.0.202\testhost.dll.
TpTrace Verbose: 0 : 5356, 5, 2024/07/03, 12:23:15.157, 1522923982741, vstest.console.dll, DotnetTestHostmanager: Adding  --additional-deps "C:\Program Files\dotnet\sdk\8.0.202\testhost.deps.json" in args
TpTrace Verbose: 0 : 5356, 5, 2024/07/03, 12:23:15.157, 1522923983047, vstest.console.dll, DotnetTestHostmanager: Adding  --additionalprobingpath "C:\Program Files\dotnet\sdk\8.0.202" in args
TpTrace Verbose: 0 : 5356, 5, 2024/07/03, 12:23:15.157, 1522923983476, vstest.console.dll, DotnetTestHostmanager: Current process architetcure 'X64'
TpTrace Verbose: 0 : 5356, 5, 2024/07/03, 12:23:15.157, 1522923986061, vstest.console.dll, DotnetTestHostmanager.LaunchTestHostAsync: Compatible muxer architecture of running process 'X64' and target architecture 'X64'
TpTrace Verbose: 0 : 5356, 5, 2024/07/03, 12:23:15.157, 1522923986453, vstest.console.dll, DotnetTestHostmanager: Full path of testhost.dll is C:\Program Files\dotnet\sdk\8.0.202\testhost.dll
TpTrace Verbose: 0 : 5356, 5, 2024/07/03, 12:23:15.157, 1522923986752, vstest.console.dll, DotnetTestHostmanager: Full path of host exe is C:\Program Files\dotnet\dotnet.exe
TpTrace Verbose: 0 : 5356, 5, 2024/07/03, 12:23:15.157, 1522923988821, vstest.console.dll, DotnetTestHostManager: Starting process 'C:\Program Files\dotnet\dotnet.exe' with command line 'exec --runtimeconfig "D:\trainingDemo\employee Macro Project\AuthenticationMarco\AuthenticationMarco\bin\Debug\net8.0\AuthenticationMarco.runtimeconfig.json" --depsfile "D:\trainingDemo\employee Macro Project\AuthenticationMarco\AuthenticationMarco\bin\Debug\net8.0\AuthenticationMarco.deps.json" --additional-deps "C:\Program Files\dotnet\sdk\8.0.202\testhost.deps.json" --additionalprobingpath "C:\Program Files\dotnet\sdk\8.0.202" "C:\Program Files\dotnet\sdk\8.0.202\testhost.dll" --port 61659 --endpoint 127.0.0.1:061659 --role client --parentprocessid 5356 --diag "D:\trainingDemo\employee Macro Project\AuthenticationMarco\log.host.24-07-03_12-23-15_15446_5.txt" --tracelevel 4 --telemetryoptedin false'
TpTrace Verbose: 0 : 5356, 5, 2024/07/03, 12:23:15.179, 1522924202859, vstest.console.dll, Test Runtime launched
TpTrace Verbose: 0 : 5356, 5, 2024/07/03, 12:23:15.179, 1522924204080, vstest.console.dll, MulticastDelegateUtilities.SafeInvoke: HostProviderEvents.OnHostLaunched: Invoking callback 1/1 for Microsoft.VisualStudio.TestPlatform.CrossPlatEngine.Client.ProxyOperationManager., took 0 ms.
TpTrace Verbose: 0 : 5356, 5, 2024/07/03, 12:23:15.179, 1522924206459, vstest.console.dll, TestRequestSender.WaitForRequestHandlerConnection: waiting for connection with timeout: 90000.
TpTrace Verbose: 0 : 5356, 10, 2024/07/03, 12:23:15.232, 1522924737185, vstest.console.dll, TestHostManagerCallbacks.ctor: Experimental forwarding output is disabled.
TpTrace Warning: 0 : 5356, 10, 2024/07/03, 12:23:15.232, 1522924738409, vstest.console.dll, TestHostManagerCallbacks.ErrorReceivedCallback Test host standard error line: Error:
TpTrace Verbose: 0 : 5356, 10, 2024/07/03, 12:23:15.232, 1522924739118, vstest.console.dll, TestHostManagerCallbacks.ctor: Experimental forwarding output is disabled.
TpTrace Warning: 0 : 5356, 10, 2024/07/03, 12:23:15.232, 1522924739456, vstest.console.dll, TestHostManagerCallbacks.ErrorReceivedCallback Test host standard error line:   An assembly specified in the application dependencies manifest (testhost.deps.json) was not found:
TpTrace Verbose: 0 : 5356, 10, 2024/07/03, 12:23:15.232, 1522924739738, vstest.console.dll, TestHostManagerCallbacks.ctor: Experimental forwarding output is disabled.
TpTrace Warning: 0 : 5356, 10, 2024/07/03, 12:23:15.232, 1522924740143, vstest.console.dll, TestHostManagerCallbacks.ErrorReceivedCallback Test host standard error line:     package: 'Newtonsoft.Json', version: '13.0.1'
TpTrace Verbose: 0 : 5356, 10, 2024/07/03, 12:23:15.233, 1522924741727, vstest.console.dll, TestHostManagerCallbacks.ctor: Experimental forwarding output is disabled.
TpTrace Warning: 0 : 5356, 10, 2024/07/03, 12:23:15.233, 1522924742120, vstest.console.dll, TestHostManagerCallbacks.ErrorReceivedCallback Test host standard error line:     path: 'lib/netstandard2.0/Newtonsoft.Json.dll'
TpTrace Verbose: 0 : 5356, 10, 2024/07/03, 12:23:15.235, 1522924770014, vstest.console.dll, TestHostManagerCallbacks.ctor: Experimental forwarding output is disabled.
TpTrace Warning: 0 : 5356, 10, 2024/07/03, 12:23:15.236, 1522924771488, vstest.console.dll, TestHostManagerCallbacks.ErrorReceivedCallback Test host standard error line: 
TpTrace Verbose: 0 : 5356, 10, 2024/07/03, 12:23:15.241, 1522924828384, vstest.console.dll, TestHostProvider.ExitCallBack: Host exited starting callback.
TpTrace Error: 0 : 5356, 10, 2024/07/03, 12:23:15.242, 1522924832820, vstest.console.dll, TestHostManagerCallbacks.ExitCallBack: Testhost processId: 12120 exited with exitcode: -2147450740 error: 'Error:
  An assembly specified in the application dependencies manifest (testhost.deps.json) was not found:
    package: 'Newtonsoft.Json', version: '13.0.1'
    path: 'lib/netstandard2.0/Newtonsoft.Json.dll'
'
TpTrace Verbose: 0 : 5356, 10, 2024/07/03, 12:23:15.242, 1522924834613, vstest.console.dll, DotnetTestHostManager.OnHostExited: invoking OnHostExited callback
TpTrace Verbose: 0 : 5356, 10, 2024/07/03, 12:23:15.242, 1522924837752, vstest.console.dll, CrossPlatEngine.TestHostManagerHostExited: calling on client process exit callback.
TpTrace Information: 0 : 5356, 10, 2024/07/03, 12:23:15.242, 1522924838560, vstest.console.dll, TestRequestSender.OnClientProcessExit: Test host process exited. Standard error: Error:
  An assembly specified in the application dependencies manifest (testhost.deps.json) was not found:
    package: 'Newtonsoft.Json', version: '13.0.1'
    path: 'lib/netstandard2.0/Newtonsoft.Json.dll'

TpTrace Information: 0 : 5356, 10, 2024/07/03, 12:23:15.242, 1522924839172, vstest.console.dll, SocketServer.Stop: Stop server endPoint: 127.0.0.1:61659
TpTrace Verbose: 0 : 5356, 5, 2024/07/03, 12:23:15.242, 1522924839341, vstest.console.dll, TestRequestSender.WaitForRequestHandlerConnection: waiting took 63 ms, with timeout 90000 ms, and result 2, which is failure.
TpTrace Information: 0 : 5356, 10, 2024/07/03, 12:23:15.242, 1522924839472, vstest.console.dll, SocketServer.Stop: Cancellation requested. Stopping message loop.
TpTrace Verbose: 0 : 5356, 5, 2024/07/03, 12:23:15.242, 1522924840089, vstest.console.dll, Test host failed to start Test host launched:True test host exited: True
TpTrace Verbose: 0 : 5356, 10, 2024/07/03, 12:23:15.243, 1522924841057, vstest.console.dll, MulticastDelegateUtilities.SafeInvoke: HostProviderEvents.OnHostExited: Invoking callback 1/1 for Microsoft.VisualStudio.TestPlatform.CrossPlatEngine.Client.ProxyOperationManager., took 0 ms.
TpTrace Error: 0 : 5356, 5, 2024/07/03, 12:23:15.244, 1522924851341, vstest.console.dll, ProxyExecutionManager.StartTestRun: Failed to start test run: Microsoft.VisualStudio.TestPlatform.ObjectModel.TestPlatformException: Testhost process for source(s) 'D:\trainingDemo\employee Macro Project\AuthenticationMarco\AuthenticationMarco\bin\Debug\net8.0\AuthenticationMarco.dll' exited with error: Error:
  An assembly specified in the application dependencies manifest (testhost.deps.json) was not found:
    package: 'Newtonsoft.Json', version: '13.0.1'
    path: 'lib/netstandard2.0/Newtonsoft.Json.dll'
. Please check the diagnostic logs for more information.
   at Microsoft.VisualStudio.TestPlatform.CrossPlatEngine.Client.ProxyOperationManager.ThrowOnTestHostExited(IEnumerable`1 sources, Boolean testHostExited) in /_/src/Microsoft.TestPlatform.CrossPlatEngine/Client/ProxyOperationManager.cs:line 520
   at Microsoft.VisualStudio.TestPlatform.CrossPlatEngine.Client.ProxyOperationManager.SetupChannel(IEnumerable`1 sources, String runSettings) in /_/src/Microsoft.TestPlatform.CrossPlatEngine/Client/ProxyOperationManager.cs:line 290
   at Microsoft.VisualStudio.TestPlatform.CrossPlatEngine.Client.ProxyExecutionManager.InitializeTestRun(TestRunCriteria testRunCriteria, IInternalTestRunEventsHandler eventHandler) in /_/src/Microsoft.TestPlatform.CrossPlatEngine/Client/ProxyExecutionManager.cs:line 182
TpTrace Verbose: 0 : 5356, 5, 2024/07/03, 12:23:15.278, 1522925192701, vstest.console.dll, TestRunRequest:SendTestRunMessage: Starting.
TpTrace Verbose: 0 : 5356, 5, 2024/07/03, 12:23:15.278, 1522925194983, vstest.console.dll, MulticastDelegateUtilities.SafeInvoke: TestRun.LogMessages: Invoking callback 1/1 for Microsoft.VisualStudio.TestPlatform.CommandLine.TestRunResultAggregator., took 0 ms.
TpTrace Information: 0 : 5356, 5, 2024/07/03, 12:23:15.278, 1522925195444, vstest.console.dll, TestRunRequest:SendTestRunMessage: Completed.
TpTrace Verbose: 0 : 5356, 4, 2024/07/03, 12:23:15.278, 1522925198603, vstest.console.dll, MulticastDelegateUtilities.SafeInvoke: InternalTestLoggerEvents.SendTestRunMessage: Invoking callback 1/1 for Microsoft.VisualStudio.TestPlatform.CommandLine.Internal.ConsoleLogger., took 0 ms.
TpTrace Verbose: 0 : 5356, 5, 2024/07/03, 12:23:15.288, 1522925295060, vstest.console.dll, TestRequestSender.EndSession: Sending end session.
TpTrace Verbose: 0 : 5356, 5, 2024/07/03, 12:23:15.288, 1522925296055, vstest.console.dll, ProxyOperationManager.Close: waiting for test host to exit for 100 ms
TpTrace Information: 0 : 5356, 5, 2024/07/03, 12:23:15.288, 1522925296591, vstest.console.dll, SocketServer.Stop: Stop server endPoint: 127.0.0.1:61659
TpTrace Information: 0 : 5356, 5, 2024/07/03, 12:23:15.288, 1522925296897, vstest.console.dll, SocketServer.Stop: Cancellation requested. Stopping message loop.
TpTrace Information: 0 : 5356, 5, 2024/07/03, 12:23:15.288, 1522925297351, vstest.console.dll, Closing the connection
TpTrace Verbose: 0 : 5356, 5, 2024/07/03, 12:23:15.288, 1522925300190, vstest.console.dll, ParallelRunEventsHandler.HandleTestRunComplete: Handling a run completion, this can be either one part of parallel run completing, or the whole parallel run completing.
TpTrace Verbose: 0 : 5356, 5, 2024/07/03, 12:23:15.289, 1522925302343, vstest.console.dll, ParallelProxyExecutionManager: HandlePartialRunComplete: Total workloads = 1, Total started clients = 1 Total completed clients = 1, Run complete = True, Run canceled: False.
TpTrace Verbose: 0 : 5356, 5, 2024/07/03, 12:23:15.289, 1522925302735, vstest.console.dll, ParallelProxyExecutionManager: HandlePartialRunComplete: All runs completed stopping all managers.
TpTrace Verbose: 0 : 5356, 5, 2024/07/03, 12:23:15.289, 1522925303341, vstest.console.dll, ParallelOperationManager.StopAllManagers: Stopping all managers.
TpTrace Verbose: 0 : 5356, 5, 2024/07/03, 12:23:15.289, 1522925303732, vstest.console.dll, ParallelOperationManager.ClearSlots: Clearing all slots. Slots should accept more work: False
TpTrace Verbose: 0 : 5356, 5, 2024/07/03, 12:23:15.289, 1522925304129, vstest.console.dll, ParallelOperationManager.SetOccupiedSlotCount: Setting slot counts AvailableSlotCount = 1, OccupiedSlotCount = 0.
TpTrace Verbose: 0 : 5356, 5, 2024/07/03, 12:23:15.289, 1522925304441, vstest.console.dll, Occupied slots:

TpTrace Verbose: 0 : 5356, 5, 2024/07/03, 12:23:15.289, 1522925304704, vstest.console.dll, ParallelRunEventsHandler.HandleTestRunComplete: Whole parallel run completed.
TpTrace Verbose: 0 : 5356, 4, 2024/07/03, 12:23:15.307, 1522925482113, vstest.console.dll, MulticastDelegateUtilities.SafeInvoke: InternalTestLoggerEvents.SendTestRunComplete: Invoking callback 1/1 for Microsoft.VisualStudio.TestPlatform.CommandLine.Internal.ConsoleLogger., took 3 ms.
TpTrace Verbose: 0 : 5356, 5, 2024/07/03, 12:23:15.307, 1522925484842, vstest.console.dll, TestRunRequest:TestRunComplete: Starting. IsAborted:True IsCanceled:False.
TpTrace Verbose: 0 : 5356, 5, 2024/07/03, 12:23:15.307, 1522925487114, vstest.console.dll, ParallelOperationManager.DoActionOnAllManagers: Calling an action on all managers.
TpTrace Verbose: 0 : 5356, 5, 2024/07/03, 12:23:15.308, 1522925494648, vstest.console.dll, TestLoggerManager.HandleTestRunComplete: Ignoring as the object is disposed.
TpTrace Verbose: 0 : 5356, 5, 2024/07/03, 12:23:15.308, 1522925497605, vstest.console.dll, MulticastDelegateUtilities.SafeInvoke: TestRun.TestRunComplete: Invoking callback 1/2 for Microsoft.VisualStudio.TestPlatform.CommandLine.TestRunResultAggregator., took 0 ms.
TpTrace Verbose: 0 : 5356, 5, 2024/07/03, 12:23:15.308, 1522925498844, vstest.console.dll, MulticastDelegateUtilities.SafeInvoke: TestRun.TestRunComplete: Invoking callback 2/2 for Microsoft.VisualStudio.TestPlatform.CommandLine.Processors.RunTestsArgumentExecutor+TestRunRequestEventsRegistrar., took 0 ms.
TpTrace Information: 0 : 5356, 5, 2024/07/03, 12:23:15.308, 1522925499753, vstest.console.dll, TestRunRequest:TestRunComplete: Completed.
TpTrace Verbose: 0 : 5356, 1, 2024/07/03, 12:23:15.308, 1522925499916, vstest.console.dll, TestRunRequest.Dispose: Starting.
TpTrace Verbose: 0 : 5356, 5, 2024/07/03, 12:23:15.308, 1522925500239, vstest.console.dll, ParallelProxyExecutionManager.StartTestRunOnConcurrentManager: Execution starting. Started clients: 1
TpTrace Information: 0 : 5356, 1, 2024/07/03, 12:23:15.309, 1522925500907, vstest.console.dll, TestRunRequest.Dispose: Completed.
TpTrace Verbose: 0 : 5356, 5, 2024/07/03, 12:23:15.309, 1522925502013, vstest.console.dll, ProxyExecutionManager: Test host is always Lazy initialize.
TpTrace Information: 0 : 5356, 1, 2024/07/03, 12:23:15.309, 1522925502039, vstest.console.dll, TestRequestManager.RunTests: run tests completed.
TpTrace Verbose: 0 : 5356, 5, 2024/07/03, 12:23:15.309, 1522925502871, vstest.console.dll, TestRequestSender.InitializeCommunication: initialize communication. 
TpTrace Information: 0 : 5356, 1, 2024/07/03, 12:23:15.309, 1522925503452, vstest.console.dll, RunTestsArgumentProcessor:Execute: Test run is completed.
TpTrace Verbose: 0 : 5356, 1, 2024/07/03, 12:23:15.309, 1522925505273, vstest.console.dll, Executor.Execute: Exiting with exit code of 1
TpTrace Information: 0 : 5356, 5, 2024/07/03, 12:23:15.310, 1522925512141, vstest.console.dll, SocketServer.Start: Listening on endpoint : 127.0.0.1:61661
